Logfile for Installing Paasmer...
/home/pi/Desktop/Generic-Python-SDK
/home/root
--> Installing...\n
--> Installing requerments.......
Configuring data...
"a3rwl3kghmkdtx.iot.us-west-2.amazonaws.com"
zigbee
SSH is enabled and the default password for the 'pi' user has not been changed. This is a security risk - please login as the 'pi' user and type 'passwd' to set a new password. { "thingArn": "arn:aws:iot:us-west-2:039065299133:thing/zigbee", "thingName": "zigbee" }

SSH is enabled and the default password for the 'pi' user has not been changed.
This is a security risk - please login as the 'pi' user and type 'passwd' to set a new password.

{
    "certificateArn": "arn:aws:iot:us-west-2:039065299133:cert/ae60250358b124b147d9e214ced3d3b6fb3d9466544eff68ee309a3af1eccb9c", 
    "certificatePem": "-----BEGIN CERTIFICATE-----\nMIIDWTCCAkGgAwIBAgIUfrMi3NJboXZR4kDhxZbrpvyRVYIwDQYJKoZIhvcNAQEL\nBQAwTTFLMEkGA1UECwxCQW1hem9uIFdlYiBTZXJ2aWNlcyBPPUFtYXpvbi5jb20g\nSW5jLiBMPVNlYXR0bGUgU1Q9V2FzaGluZ3RvbiBDPVVTMB4XDTE3MDcyMTAzNTI1\nM1oXDTQ5MTIzMTIzNTk1OVowHjEcMBoGA1UEAwwTQVdTIElvVCBDZXJ0aWZpY2F0\nZTCCASIwDQYJKoZIhvcNAQEBBQADggEPADCCAQoCggEBAJLtl5DkpDAqs8eFHPDw\nYSi3hYamewDb8wrbWsuC+tBCkA0tPmPSHNfmcBzkImojPxDMy4ENENbj6BtauhZD\n+nRckA5RashUQzCsHJeNafinUPzUcbpwnqiRV89QkriVS1/JffoqvR3yqC6TI5ix\ngIJAPeiFkeXtEr6uVb1+l+THHPo+/EIs+dlAcaBTYIe5EFNMp5+v82OxndlSiRXA\n6/hn9uVGmCq3LRcSYKrfbekQaLOG4MB6nCLJ2NNPS7OEkKKXuTfoLMpqdTlqudVj\nQbg6PQKx7xLs3hC1V5pmrJS330SwlpQeyI/Lx1k0ffLnsgQHJbNywFkiEKD/KgML\n5AcCAwEAAaNgMF4wHwYDVR0jBBgwFoAUGfNhdFYoR4X3S0fhZ1uhvzluIr4wHQYD\nVR0OBBYEFFuhcrSB//uSHon1WIztkSoFVqNmMAwGA1UdEwEB/wQCMAAwDgYDVR0P\nAQH/BAQDAgeAMA0GCSqGSIb3DQEBCwUAA4IBAQAaueIFmY1z0czs+LvJtj226uJc\ncLfsnsiOY+NwwF5brvaSb5BWL2e7qZ/Yebtc9wR25vJRJEwa5wXAsCYQeOQJddW6\nWjINfoWj4JvVSupnpYx7HkQqKD1c/Fdn+aT0pzHUKu1/XbOXuAGEPYa0z27JwJ9M\n2irCsDsQotr0WJoBIZhMv/dBLBPBKkt2LswNo9rblSolMhrbQhmHkqPiH7eTb0LK\nDP3jmj0w0X/TwA7spBhWEty0RzvNiXFldW1tYLZDXk8U+HGlSMRa5Z2jr3o4Vwbv\nWtG2sIaMMENxjfofctZ/FpZhCYW76UHhSKSweoKMAtT1CST1xNes8XxN9xqa\n-----END CERTIFICATE-----\n", 
    "keyPair": {
        "PublicKey": "-----BEGIN PUBLIC KEY-----\nMIIBIjANBgkqhkiG9w0BAQEFAAOCAQ8AMIIBCgKCAQEAku2XkOSkMCqzx4Uc8PBh\nKLeFhqZ7ANvzCttay4L60EKQDS0+Y9Ic1+ZwHOQiaiM/EMzLgQ0Q1uPoG1q6FkP6\ndFyQDlFqyFRDMKwcl41p+KdQ/NRxunCeqJFXz1CSuJVLX8l9+iq9HfKoLpMjmLGA\ngkA96IWR5e0Svq5VvX6X5Mcc+j78Qiz52UBxoFNgh7kQU0ynn6/zY7Gd2VKJFcDr\n+Gf25UaYKrctFxJgqt9t6RBos4bgwHqcIsnY009Ls4SQope5N+gsymp1OWq51WNB\nuDo9ArHvEuzeELVXmmaslLffRLCWlB7Ij8vHWTR98ueyBAcls3LAWSIQoP8qAwvk\nBwIDAQAB\n-----END PUBLIC KEY-----\n", 
        "PrivateKey": "-----BEGIN RSA PRIVATE KEY-----\nMIIEpAIBAAKCAQEAku2XkOSkMCqzx4Uc8PBhKLeFhqZ7ANvzCttay4L60EKQDS0+\nY9Ic1+ZwHOQiaiM/EMzLgQ0Q1uPoG1q6FkP6dFyQDlFqyFRDMKwcl41p+KdQ/NRx\nunCeqJFXz1CSuJVLX8l9+iq9HfKoLpMjmLGAgkA96IWR5e0Svq5VvX6X5Mcc+j78\nQiz52UBxoFNgh7kQU0ynn6/zY7Gd2VKJFcDr+Gf25UaYKrctFxJgqt9t6RBos4bg\nwHqcIsnY009Ls4SQope5N+gsymp1OWq51WNBuDo9ArHvEuzeELVXmmaslLffRLCW\nlB7Ij8vHWTR98ueyBAcls3LAWSIQoP8qAwvkBwIDAQABAoIBAE8d9VGmbOsq82fq\nu+zZ49ejCxm4p9+MkNE10SxpOVnPnfYaeNATokh348MK7aUtmZYYUTUKrhio3KFu\nN2op7MGf3kp3eQKqrQuWgkbxdTDaF/gtBZiZcDXhHeGax4bxjYbk3xtIzFFGC14Z\nCT/9xO9eXHfLBQdEo6VeBvllI7Gi2mquKOWOPv4KSnKL8+5ZGjYKdl9smp27JUlj\nUSRODGijeb8IAHfMuT3KsICLn/pgF/Ie9xOIBgR7rfV/zmqnkfaN6Uhji6GQvKVU\n2CeMXL0oEMdDb0iMkgv3G5PwIHdrYgYU4FhM8LCXx1YHDRRG976iMDNZEi/pPoGf\nrcSl+/ECgYEA5qGn/9vRBQ50aRuhR2b62WcH4wnh9d7LkH57ZwOy8oV0ScgMQFog\nHeH28UEXZzr+FHY3myJWzBt3wx+/RBZritdbDvEmb8tPcTwVm3eDckGKwQUQ5oS1\nqKNfuQTEKWWB865EDs7N8eywSkkJOAQSGiKeLBbILgqQ9vFPSoOdo+0CgYEAoxbv\nbpUrXR6lYSTSUVh6BW02yxmp/qmxjbTYiVu4KrMuY4YrL3fvc4dtmArLUNFTjmqc\n1uadnRJR9yrSsj49//1ZiberWgqbpSmWMT09v/yXgKNmZrNM0mOet0UoufE3rghS\nkmHhc1hmgwNTilSJoJpZPe9pqhulhmuN7YocUUMCgYEAiklj8oZbTizcoClxCt80\niia9E+VZF5P/eyRb2ejd440hrRvGPM/Nch2LdB0Ta1J0BtDbhqmQYdIWfWkLxker\nNBTtBIiUA3RkrgDY8981ccza5eGjwJTSV8ueGdJBzJCQ2wwiwr49vlGtYt1oKa5H\nLGSVcto2LWUohukqIgPJAgECgYBbvnQ0jf+V475+1lrl3dLOqLBxMl+53bX/FGPX\naVxB0QhgfkJe8qYmJGIXbMMRFKBfdkQCdDrn+D1ZwKJEGNWB4wByg3sGLP9/utQ9\noMjS7oI/oCvjzCuEEvxe9q3BZBvBb/cbV6qe23TXcJCXOZUuXoWjXMHhKqpD4s81\neEMTxwKBgQDfVv/rzNSmmjsX4LothJ/gkg7L7s/rMMfhYhI5sB58NzovIblB06r8\nRYhjkMU5YiurUQXZCn6XTg98bQ/wabmjv2EjT53Nq8J3wXHMlYtQa1kMKp3wSEi7\ny/I8jxecsk2zSVvRO3mrD2bvfH5Cuo5JyK8TYxgbXuGVFoZJl6QVlw==\n-----END RSA PRIVATE KEY-----\n"
    }, 
    "certificateId": "ae60250358b124b147d9e214ced3d3b6fb3d9466544eff68ee309a3af1eccb9c"
}
"arn:aws:iot:us-west-2:039065299133:cert/ae60250358b124b147d9e214ced3d3b6fb3d9466544eff68ee309a3af1eccb9c"

SSH is enabled and the default password for the 'pi' user has not been changed.
This is a security risk - please login as the 'pi' user and type 'passwd' to set a new password.

{
    "policyName": "zigbee", 
    "policyArn": "arn:aws:iot:us-west-2:039065299133:policy/zigbee", 
    "policyDocument": "{ \"Version\": \"2012-10-17\", \"Statement\": [{\"Action\": [\"iot:*\"], \"Resource\": [\"*\"], \"Effect\": \"Allow\" }] }", 
    "policyVersionId": "1"
}
Added to PAASMER alias...\n
File Transfered successfully....
zigbee
